<?xml version="1.0" encoding="UTF-8"?>
<!-- Generated by org.testng.reporters.JUnitReportReporter -->
<testsuite skipped="0" hostname="INBASDPC06335" name="login.logintest" tests="1" failures="0" timestamp="17 Jan 2019 12:04:25 GMT" time="36.712" errors="0">
  <testcase name="test" time="36.712" classname="login.logintest"/>
</testsuite> <!-- login.logintest -->
